<?xml version="1.0" encoding="UTF-8"?>
<!-- Generated by org.testng.reporters.JUnitReportReporter -->
<testsuite hostname="LAPTOP-7NPMMCP5" failures="0" tests="6" name="api.test.DDTests" time="17.769" errors="0" timestamp="2024-01-20T22:22:42 IST" skipped="0">
  <testcase classname="api.test.DDTests" name="testpostuser" time="4.954"/>
  <system-out/>
  <testcase classname="api.test.DDTests" name="testpostuser" time="1.784"/>
  <system-out/>
  <testcase classname="api.test.DDTests" name="testpostuser" time="1.633"/>
  <system-out/>
  <testcase classname="api.test.DDTests" name="testdeleteuser" time="6.233"/>
  <system-out/>
  <testcase classname="api.test.DDTests" name="testdeleteuser" time="1.532"/>
  <system-out/>
  <testcase classname="api.test.DDTests" name="testdeleteuser" time="1.633"/>
  <system-out/>
</testsuite> <!-- api.test.DDTests -->
