<?xml version="1.0" encoding="UTF-8"?>
<!-- Generated by org.testng.reporters.JUnitReportReporter -->
<testsuite hostname="LAPTOP-7NPMMCP5" failures="0" tests="4" name="api.test.UserTests" time="9.252" errors="0" timestamp="2024-01-21T00:49:14 IST" skipped="0">
  <testcase classname="api.test.UserTests" name="testpostUser" time="3.330"/>
  <system-out/>
  <testcase classname="api.test.UserTests" name="testGetUserByName" time="1.494"/>
  <system-out/>
  <testcase classname="api.test.UserTests" name="testPostUserByName" time="3.101"/>
  <system-out/>
  <testcase classname="api.test.UserTests" name="testDeleteUserByName" time="1.327"/>
  <system-out/>
</testsuite> <!-- api.test.UserTests -->
