<?xml version="1.0" encoding="UTF-8"?>
<!-- Generated by org.testng.reporters.JUnitReportReporter -->
<testsuite hostname="LAPTOP-7NPMMCP5" failures="0" tests="4" name="api.test.UserTests" time="9.908" errors="0" timestamp="2024-01-22T20:31:33 IST" skipped="0">
  <testcase classname="api.test.UserTests" name="testpostUser" time="4.117"/>
  <system-out/>
  <testcase classname="api.test.UserTests" name="testGetUserByName" time="1.351"/>
  <system-out/>
  <testcase classname="api.test.UserTests" name="testPostUserByName" time="3.012"/>
  <system-out/>
  <testcase classname="api.test.UserTests" name="testDeleteUserByName" time="1.428"/>
  <system-out/>
</testsuite> <!-- api.test.UserTests -->
